Change Component Footprint: Designator=P1 Old Footprint=61300211121 New Footprint=61300211121
Change Component Footprint: Designator=P3 Old Footprint=691313510002 New Footprint=691313510002
Change Component Footprint: Designator=R4 Old Footprint=FP-CRCW0805-e3-IPC_A New Footprint=FP-CRCW0805-e3-IPC_A
Change Component Footprint: Designator=R5 Old Footprint=FP-CRCW0805-e3-IPC_A New Footprint=FP-CRCW0805-e3-IPC_A
Change Component Footprint: Designator=R7 Old Footprint=FP-CRCW0805-e3-IPC_A New Footprint=FP-CRCW0805-e3-IPC_A
Change Component Footprint: Designator=R8 Old Footprint=FP-CRCW0805-e3-IPC_A New Footprint=FP-CRCW0805-e3-IPC_A
Change Component Footprint: Designator=R11 Old Footprint=FP-CRCW0805-e3-IPC_A New Footprint=FP-CRCW0805-e3-IPC_A
Change Component Footprint: Designator=R14 Old Footprint=FP-CRCW0805-e3-IPC_A New Footprint=FP-CRCW0805-e3-IPC_A
Change Component Footprint: Designator=R15 Old Footprint=FP-CRCW0805-e3-IPC_A New Footprint=FP-CRCW0805-e3-IPC_A
Change Component Footprint: Designator=R16 Old Footprint=FP-CRCW0805-e3-IPC_A New Footprint=FP-CRCW0805-e3-IPC_A
Change Component Footprint: Designator=R3 Old Footprint=FP-CRCW1206-e3-IPC_A New Footprint=FP-CRCW1206-e3-IPC_A
Change Component Footprint: Designator=R6 Old Footprint=FP-CRCW1206-e3-IPC_A New Footprint=FP-CRCW1206-e3-IPC_A
Change Component Footprint: Designator=R12 Old Footprint=FP-CRCW1206-e3-IPC_A New Footprint=FP-CRCW1206-e3-IPC_A
Change Component Footprint: Designator=R13 Old Footprint=FP-CRCW1206-e3-IPC_A New Footprint=FP-CRCW1206-e3-IPC_A
Change Component Footprint: Designator=R9 Old Footprint=RESC2013X50X30NL20T20 New Footprint=RESC2013X50X30NL20T20
Added Component: Designator=R1(RESC2013X50X30NL20T20)
Add component (AddParameter): Name = "Manufacturer"; Value = "Vishay Dale"; VariantName = "[No Variations]"
Add component (AddParameter): Name = "Part Number"; Value = "CRCW08051K00FKEA"; VariantName = "[No Variations]"
Add component (AddParameter): Name = "Supplier 1"; Value = "Mouser"; VariantName = "[No Variations]"
Add component (AddParameter): Name = "Supplier Part Number 1"; Value = "71-CRCW0805-1.0K-E3"; VariantName = "[No Variations]"
Added Component: Designator=R2(RESC2013X50X30NL20T20)
Add component (AddParameter): Name = "Manufacturer"; Value = "Vishay Dale"; VariantName = "[No Variations]"
Add component (AddParameter): Name = "Part Number"; Value = "CRCW08051K00FKEA"; VariantName = "[No Variations]"
Add component (AddParameter): Name = "Supplier 1"; Value = "Mouser"; VariantName = "[No Variations]"
Add component (AddParameter): Name = "Supplier Part Number 1"; Value = "71-CRCW0805-1.0K-E3"; VariantName = "[No Variations]"
Added Component: Designator=R10(RESC2013X50X30NL20T20)
Add component (AddParameter): Name = "Manufacturer"; Value = "Vishay Dale"; VariantName = "[No Variations]"
Add component (AddParameter): Name = "Part Number"; Value = "CRCW08051K00FKEA"; VariantName = "[No Variations]"
Add component (AddParameter): Name = "Supplier 1"; Value = "Mouser"; VariantName = "[No Variations]"
Add component (AddParameter): Name = "Supplier Part Number 1"; Value = "71-CRCW0805-1.0K-E3"; VariantName = "[No Variations]"
Added Pin To Net: NetName=NetC7_2 Pin=R1-1
Added Pin To Net: NetName=NetC1_2 Pin=R1-2
Added Pin To Net: NetName=NetC1_2 Pin=R2-1
Added Pin To Net: NetName=NetC8_2 Pin=R2-2
Added Pin To Net: NetName=NetC5_1 Pin=R10-1
Added Pin To Net: NetName=NetC16_2 Pin=R10-2
Added Member To Class: ClassName=Schematics Member=Component R1 CRCW08051K00FKEA
Added Member To Class: ClassName=Schematics Member=Component R2 CRCW08051K00FKEA
Added Member To Class: ClassName=Schematics Member=Component R10 CRCW08051K00FKEA
