Removed Pin From Net: NetName=NetC1_2 Pin=P2-1
Change Component Footprint: Designator=R1 Old Footprint=RESC2013X50X30NL20T20 New Footprint=RESC2013X50X30NL20T20
Change Component Footprint: Designator=R2 Old Footprint=RESC2013X50X30NL20T20 New Footprint=RESC2013X50X30NL20T20
Change Component Footprint: Designator=R10 Old Footprint=RESC2013X50X30NL20T20 New Footprint=RESC2013X50X30NL20T20
Added Component: Designator=C17(CAPC3225X280N)
Add component (AddParameter): Name = "Datasheet Link"; Value = "https://katalog.we-online.com/pbs/datasheet/885012209048.pdf"; VariantName = "[No Variations]"
Add component (AddParameter): Name = "Height"; Value = "2.8mm"; VariantName = "[No Variations]"
Add component (AddParameter): Name = "Manufacturer_Name"; Value = "Wurth Elektronik"; VariantName = "[No Variations]"
Add component (AddParameter): Name = "Manufacturer_Part_Number"; Value = "885012209048"; VariantName = "[No Variations]"
Add component (AddParameter): Name = "Mouser2 Part Number"; Value = ""; VariantName = "[No Variations]"
Add component (AddParameter): Name = "Mouser2 Price/Stock"; Value = ""; VariantName = "[No Variations]"
Add component (AddParameter): Name = "Supplier 1"; Value = "Mouser"; VariantName = "[No Variations]"
Add component (AddParameter): Name = "Supplier Part Number 1"; Value = "710-885012209048"; VariantName = "[No Variations]"
Added Component: Designator=C18(CAPC3225X280N)
Add component (AddParameter): Name = "Datasheet Link"; Value = "https://katalog.we-online.com/pbs/datasheet/885012209048.pdf"; VariantName = "[No Variations]"
Add component (AddParameter): Name = "Height"; Value = "2.8mm"; VariantName = "[No Variations]"
Add component (AddParameter): Name = "Manufacturer_Name"; Value = "Wurth Elektronik"; VariantName = "[No Variations]"
Add component (AddParameter): Name = "Manufacturer_Part_Number"; Value = "885012209048"; VariantName = "[No Variations]"
Add component (AddParameter): Name = "Mouser2 Part Number"; Value = ""; VariantName = "[No Variations]"
Add component (AddParameter): Name = "Mouser2 Price/Stock"; Value = ""; VariantName = "[No Variations]"
Add component (AddParameter): Name = "Supplier 1"; Value = "Mouser"; VariantName = "[No Variations]"
Add component (AddParameter): Name = "Supplier Part Number 1"; Value = "710-885012209048"; VariantName = "[No Variations]"
Added Component: Designator=CE1(CAPPRD500W62D1300H2650)
Add component (AddParameter): Name = "Datasheet Link"; Value = "https://katalog.we-online.de/pbs/datasheet/860160578032.pdf"; VariantName = "[No Variations]"
Add component (AddParameter): Name = "Height"; Value = "26.5mm"; VariantName = "[No Variations]"
Add component (AddParameter): Name = "Manufacturer_Name"; Value = "Wurth Elektronik"; VariantName = "[No Variations]"
Add component (AddParameter): Name = "Manufacturer_Part_Number"; Value = "860160578032"; VariantName = "[No Variations]"
Add component (AddParameter): Name = "Mouser2 Part Number"; Value = ""; VariantName = "[No Variations]"
Add component (AddParameter): Name = "Mouser2 Price/Stock"; Value = ""; VariantName = "[No Variations]"
Add component (AddParameter): Name = "Supplier 1"; Value = "Mouser"; VariantName = "[No Variations]"
Add component (AddParameter): Name = "Supplier Part Number 1"; Value = "710-860160578032"; VariantName = "[No Variations]"
Added Component: Designator=CE2(CAPPRD500W62D1300H2650)
Add component (AddParameter): Name = "Datasheet Link"; Value = "https://katalog.we-online.de/pbs/datasheet/860160578032.pdf"; VariantName = "[No Variations]"
Add component (AddParameter): Name = "Height"; Value = "26.5mm"; VariantName = "[No Variations]"
Add component (AddParameter): Name = "Manufacturer_Name"; Value = "Wurth Elektronik"; VariantName = "[No Variations]"
Add component (AddParameter): Name = "Manufacturer_Part_Number"; Value = "860160578032"; VariantName = "[No Variations]"
Add component (AddParameter): Name = "Mouser2 Part Number"; Value = ""; VariantName = "[No Variations]"
Add component (AddParameter): Name = "Mouser2 Price/Stock"; Value = ""; VariantName = "[No Variations]"
Add component (AddParameter): Name = "Supplier 1"; Value = "Mouser"; VariantName = "[No Variations]"
Add component (AddParameter): Name = "Supplier Part Number 1"; Value = "710-860160578032"; VariantName = "[No Variations]"
Added Component: Designator=CE3(CAPPRD500W62D1300H2650)
Add component (AddParameter): Name = "Datasheet Link"; Value = "https://katalog.we-online.de/pbs/datasheet/860160578032.pdf"; VariantName = "[No Variations]"
Add component (AddParameter): Name = "Height"; Value = "26.5mm"; VariantName = "[No Variations]"
Add component (AddParameter): Name = "Manufacturer_Name"; Value = "Wurth Elektronik"; VariantName = "[No Variations]"
Add component (AddParameter): Name = "Manufacturer_Part_Number"; Value = "860160578032"; VariantName = "[No Variations]"
Add component (AddParameter): Name = "Mouser2 Part Number"; Value = ""; VariantName = "[No Variations]"
Add component (AddParameter): Name = "Mouser2 Price/Stock"; Value = ""; VariantName = "[No Variations]"
Add component (AddParameter): Name = "Supplier 1"; Value = "Mouser"; VariantName = "[No Variations]"
Add component (AddParameter): Name = "Supplier Part Number 1"; Value = "710-860160578032"; VariantName = "[No Variations]"
Added Component: Designator=CE4(CAPPRD500W62D1300H2650)
Add component (AddParameter): Name = "Datasheet Link"; Value = "https://katalog.we-online.de/pbs/datasheet/860160578032.pdf"; VariantName = "[No Variations]"
Add component (AddParameter): Name = "Height"; Value = "26.5mm"; VariantName = "[No Variations]"
Add component (AddParameter): Name = "Manufacturer_Name"; Value = "Wurth Elektronik"; VariantName = "[No Variations]"
Add component (AddParameter): Name = "Manufacturer_Part_Number"; Value = "860160578032"; VariantName = "[No Variations]"
Add component (AddParameter): Name = "Mouser2 Part Number"; Value = ""; VariantName = "[No Variations]"
Add component (AddParameter): Name = "Mouser2 Price/Stock"; Value = ""; VariantName = "[No Variations]"
Add component (AddParameter): Name = "Supplier 1"; Value = "Mouser"; VariantName = "[No Variations]"
Add component (AddParameter): Name = "Supplier Part Number 1"; Value = "710-860160578032"; VariantName = "[No Variations]"
Added Component: Designator=L1(WE-PF)
Add component (AddParameter): Name = "ComponentLink1Description"; Value = "Manufacturer Link"; VariantName = "[No Variations]"
Add component (AddParameter): Name = "ComponentLink1URL"; Value = "http://www.we-online.com"; VariantName = "[No Variations]"
Add component (AddParameter): Name = "ComponentLink2Description"; Value = "Datasheet"; VariantName = "[No Variations]"
Add component (AddParameter): Name = "ComponentLink2URL"; Value = "http://www.we-online.de/katalog/media/pdf/742792901.pdf"; VariantName = "[No Variations]"
Add component (AddParameter): Name = "DatasheetVersion"; Value = "ver 6, Apr-2007"; VariantName = "[No Variations]"
Add component (AddParameter): Name = "Impedance"; Value = "2900 Ohm"; VariantName = "[No Variations]"
Add component (AddParameter): Name = "PackageDescription"; Value = "Inductor, 2-Leads, Body 12.0 x 12.0 mm"; VariantName = "[No Variations]"
Add component (AddParameter): Name = "PackageReference"; Value = "WE-PF"; VariantName = "[No Variations]"
Add component (AddParameter): Name = "PackageVersion"; Value = "2007"; VariantName = "[No Variations]"
Add component (AddParameter): Name = "Supplier 1"; Value = "Mouser"; VariantName = "[No Variations]"
Add component (AddParameter): Name = "Supplier Part Number 1"; Value = "710-742792901"; VariantName = "[No Variations]"
Added Pin To Net: NetName=GND Pin=C17-1
Added Pin To Net: NetName=GND Pin=C18-1
Added Pin To Net: NetName=NetC1_2 Pin=CE1-1
Added Pin To Net: NetName=GND Pin=CE1-2
Added Pin To Net: NetName=NetC1_2 Pin=CE2-1
Added Pin To Net: NetName=GND Pin=CE2-2
Added Pin To Net: NetName=NetC1_2 Pin=CE3-1
Added Pin To Net: NetName=GND Pin=CE3-2
Added Pin To Net: NetName=NetC1_2 Pin=CE4-1
Added Pin To Net: NetName=GND Pin=CE4-2
Added Pin To Net: NetName=NetC1_2 Pin=L1-1
Added Pin To Net: NetName=NetC17_2 Pin=C17-2
Added Pin To Net: NetName=NetC17_2 Pin=C18-2
Added Pin To Net: NetName=NetC17_2 Pin=L1-2
Added Pin To Net: NetName=NetC17_2 Pin=P2-1
Added Net: Name=NetC17_2
Added Member To Class: ClassName=Schematics Member=Component C17 885012209048
Added Member To Class: ClassName=Schematics Member=Component C18 885012209048
Added Member To Class: ClassName=Schematics Member=Component CE1 860160578032
Added Member To Class: ClassName=Schematics Member=Component CE2 860160578032
Added Member To Class: ClassName=Schematics Member=Component CE3 860160578032
Added Member To Class: ClassName=Schematics Member=Component CE4 860160578032
Added Member To Class: ClassName=Schematics Member=Component L1 742792901
