Replace Part C? 100nF/250V in C:\Users\Lingke\Desktop\Personal\Altium\WPT Round 1 RX\Schematics.SchDoc with 100nF/250V from Symbol Library.SchLib
Replace Part C? 100nF/250V in C:\Users\Lingke\Desktop\Personal\Altium\WPT Round 1 RX\Schematics.SchDoc with 100nF/250V from Symbol Library.SchLib
Replace Part C? 100nF/250V in C:\Users\Lingke\Desktop\Personal\Altium\WPT Round 1 RX\Schematics.SchDoc with 100nF/250V from Symbol Library.SchLib
Replace Part C? 47nF in C:\Users\Lingke\Desktop\Personal\Altium\WPT Round 1 RX\Schematics.SchDoc with 47nF from Symbol Library.SchLib
Replace Part C? 100nF/50V in C:\Users\Lingke\Desktop\Personal\Altium\WPT Round 1 RX\Schematics.SchDoc with 100nF/50V from Symbol Library.SchLib
Replace Part C? 100pF in C:\Users\Lingke\Desktop\Personal\Altium\WPT Round 1 RX\Schematics.SchDoc with 100pF from Symbol Library.SchLib
Replace Part C? 4.7uF in C:\Users\Lingke\Desktop\Personal\Altium\WPT Round 1 RX\Schematics.SchDoc with 4.7uF from Symbol Library.SchLib
Replace Part C? 4.7uF in C:\Users\Lingke\Desktop\Personal\Altium\WPT Round 1 RX\Schematics.SchDoc with 4.7uF from Symbol Library.SchLib
Replace Part C? 4.7uF in C:\Users\Lingke\Desktop\Personal\Altium\WPT Round 1 RX\Schematics.SchDoc with 4.7uF from Symbol Library.SchLib
Replace Part C? 4.7uF in C:\Users\Lingke\Desktop\Personal\Altium\WPT Round 1 RX\Schematics.SchDoc with 4.7uF from Symbol Library.SchLib
Replace Part C? 100nF/50V in C:\Users\Lingke\Desktop\Personal\Altium\WPT Round 1 RX\Schematics.SchDoc with 100nF/50V from Symbol Library.SchLib
Replace Part C? 100pF in C:\Users\Lingke\Desktop\Personal\Altium\WPT Round 1 RX\Schematics.SchDoc with 100pF from Symbol Library.SchLib
Replace Part C? 100nF/50V in C:\Users\Lingke\Desktop\Personal\Altium\WPT Round 1 RX\Schematics.SchDoc with 100nF/50V from Symbol Library.SchLib
Replace Part C? 100pF in C:\Users\Lingke\Desktop\Personal\Altium\WPT Round 1 RX\Schematics.SchDoc with 100pF from Symbol Library.SchLib
Replace Part D? Schottky Diode in C:\Users\Lingke\Desktop\Personal\Altium\WPT Round 1 RX\Schematics.SchDoc with Schottky Diode from Symbol Library.SchLib
Replace Part D? Schottky Diode in C:\Users\Lingke\Desktop\Personal\Altium\WPT Round 1 RX\Schematics.SchDoc with Schottky Diode from Symbol Library.SchLib
Replace Part IC? Gate Driver IC in C:\Users\Lingke\Desktop\Personal\Altium\WPT Round 1 RX\Schematics.SchDoc with Gate Driver IC from Symbol Library.SchLib
Replace Part IC? Mosfet Diode in C:\Users\Lingke\Desktop\Personal\Altium\WPT Round 1 RX\Schematics.SchDoc with Mosfet Diode from Symbol Library.SchLib
Replace Part IC? Gate Driver IC in C:\Users\Lingke\Desktop\Personal\Altium\WPT Round 1 RX\Schematics.SchDoc with Gate Driver IC from Symbol Library.SchLib
Replace Part IC? Mosfet Diode in C:\Users\Lingke\Desktop\Personal\Altium\WPT Round 1 RX\Schematics.SchDoc with Mosfet Diode from Symbol Library.SchLib
Replace Part IC? Gate Driver IC in C:\Users\Lingke\Desktop\Personal\Altium\WPT Round 1 RX\Schematics.SchDoc with Gate Driver IC from Symbol Library.SchLib
Replace Part P? Power Input in C:\Users\Lingke\Desktop\Personal\Altium\WPT Round 1 RX\Schematics.SchDoc with Power Input from Symbol Library.SchLib
Replace Part P? 5V Input in C:\Users\Lingke\Desktop\Personal\Altium\WPT Round 1 RX\Schematics.SchDoc with 5V Input from Symbol Library.SchLib
Replace Part P? Power Output in C:\Users\Lingke\Desktop\Personal\Altium\WPT Round 1 RX\Schematics.SchDoc with Power Output from Symbol Library.SchLib
Replace Part R? 10k Ohm in C:\Users\Lingke\Desktop\Personal\Altium\WPT Round 1 RX\Schematics.SchDoc with 10k Ohm from Symbol Library.SchLib
Replace Part R? 1k Ohm in C:\Users\Lingke\Desktop\Personal\Altium\WPT Round 1 RX\Schematics.SchDoc with 1k Ohm from Symbol Library.SchLib
Replace Part R? 10 Ohm in C:\Users\Lingke\Desktop\Personal\Altium\WPT Round 1 RX\Schematics.SchDoc with 10 Ohm from Symbol Library.SchLib
Replace Part R? 10k Ohm in C:\Users\Lingke\Desktop\Personal\Altium\WPT Round 1 RX\Schematics.SchDoc with 10k Ohm from Symbol Library.SchLib
Replace Part R? 10k Ohm in C:\Users\Lingke\Desktop\Personal\Altium\WPT Round 1 RX\Schematics.SchDoc with 10k Ohm from Symbol Library.SchLib
Replace Part R? 1k Ohm in C:\Users\Lingke\Desktop\Personal\Altium\WPT Round 1 RX\Schematics.SchDoc with 1k Ohm from Symbol Library.SchLib
Replace Part R? 10 Ohm in C:\Users\Lingke\Desktop\Personal\Altium\WPT Round 1 RX\Schematics.SchDoc with 10 Ohm from Symbol Library.SchLib
Replace Part R? 10k Ohm in C:\Users\Lingke\Desktop\Personal\Altium\WPT Round 1 RX\Schematics.SchDoc with 10k Ohm from Symbol Library.SchLib
Replace Part R? 10k Ohm in C:\Users\Lingke\Desktop\Personal\Altium\WPT Round 1 RX\Schematics.SchDoc with 10k Ohm from Symbol Library.SchLib
Replace Part R? 1k Ohm in C:\Users\Lingke\Desktop\Personal\Altium\WPT Round 1 RX\Schematics.SchDoc with 1k Ohm from Symbol Library.SchLib
