Removed Pin From Net: NetName=NetC5_1 Pin=C5-1
Removed Pin From Net: NetName=NetC5_1 Pin=C6-1
Removed Pin From Net: NetName=GND Pin=R1-1
Removed Pin From Net: NetName=NetC5_1 Pin=R1-2
Removed Pin From Net: NetName=Curr+ Pin=R1-3
Removed Pin From Net: NetName=Curr- Pin=R1-4
Added Pin To Net: NetName=GND Pin=C5-1
Added Pin To Net: NetName=GND Pin=C6-1
Added Pin To Net: NetName=NetM1_1 Pin=M1-1
Added Pin To Net: NetName=NetM1_1 Pin=M1-2
Added Pin To Net: NetName=NetM2_1 Pin=M2-1
Added Pin To Net: NetName=NetM2_1 Pin=M2-2
Added Pin To Net: NetName=NetM3_1 Pin=M3-1
Added Pin To Net: NetName=NetM3_1 Pin=M3-2
Added Pin To Net: NetName=NetM4_1 Pin=M4-1
Added Pin To Net: NetName=NetM4_1 Pin=M4-2
Added Pin To Net: NetName=NetC5_1 Pin=R1-1
Added Pin To Net: NetName=GND Pin=R1-2
Added Pin To Net: NetName=Curr- Pin=R1-3
Added Pin To Net: NetName=Curr+ Pin=R1-4
Change Net Name : Old Net Name=NetC5_1 New Net Name=NetP1_1
