Change Component Footprint: Designator=M1 Old Footprint= New Footprint=FP-PG-TDSON-8-MFG
Change Component Footprint: Designator=M2 Old Footprint= New Footprint=FP-PG-TDSON-8-MFG
Change Component Footprint: Designator=M3 Old Footprint= New Footprint=FP-PG-TDSON-8-MFG
Change Component Footprint: Designator=M4 Old Footprint= New Footprint=FP-PG-TDSON-8-MFG
Added Pin To Net: NetName=NetC1_1 Pin=M1-3
Added Pin To Net: NetName=NetC8_2 Pin=M2-3
Added Pin To Net: NetName=NetC1_1 Pin=M3-3
Added Pin To Net: NetName=NetC4_2 Pin=M4-3
Added Pin To Net: NetName=NetM1_2 Pin=M1-2
Added Pin To Net: NetName=NetM1_2 Pin=R1-2
Added Pin To Net: NetName=NetM1_2 Pin=R3-2
Added Net: Name=NetM1_2
Added Pin To Net: NetName=NetM2_2 Pin=M2-2
Added Pin To Net: NetName=NetM2_2 Pin=R5-2
Added Pin To Net: NetName=NetM2_2 Pin=R11-2
Added Net: Name=NetM2_2
Added Pin To Net: NetName=NetM3_2 Pin=M3-2
Added Pin To Net: NetName=NetM3_2 Pin=R2-1
Added Pin To Net: NetName=NetM3_2 Pin=R4-1
Added Net: Name=NetM3_2
Added Pin To Net: NetName=NetM4_2 Pin=M4-2
Added Pin To Net: NetName=NetM4_2 Pin=R6-1
Added Pin To Net: NetName=NetM4_2 Pin=R12-1
Added Net: Name=NetM4_2
