Removed Pin From Net: NetName=DCDC Input Unfiltered Pin=FL1-2
Removed Pin From Net: NetName=GND Pin=FL1-4
Removed Pin From Net: NetName=NetC1_1 Pin=FL1-7
Removed Pin From Net: NetName=NetC1_2 Pin=FL1-9
Change Component Footprint: Designator=IC5 Old Footprint=7 PIN PFM New Footprint=7 PIN PFM
Change Component Footprint: Designator=LED1 Old Footprint=0805_A New Footprint=0805_A
Change Component Footprint: Designator=P2 Old Footprint=691313510002 New Footprint=691313510002
Change Component Footprint: Designator=IC4 Old Footprint=ADI-RJ-5_N New Footprint=ADI-RJ-5_N
Change Component Footprint: Designator=R14 Old Footprint=FP-CRCW0805-e3-MFG New Footprint=FP-CRCW0805-e3-MFG
Change Component Footprint: Designator=R15 Old Footprint=FP-CRCW0805-e3-MFG New Footprint=FP-CRCW0805-e3-MFG
Change Component Footprint: Designator=R16 Old Footprint=FP-CRCW0805-e3-MFG New Footprint=FP-CRCW0805-e3-MFG
Change Component Footprint: Designator=R17 Old Footprint=FP-CRCW0805-e3-MFG New Footprint=FP-CRCW0805-e3-MFG
Change Component Footprint: Designator=R18 Old Footprint=FP-CRCW0805-e3-MFG New Footprint=FP-CRCW0805-e3-MFG
Change Component Footprint: Designator=R19 Old Footprint=FP-CRCW0805-e3-MFG New Footprint=FP-CRCW0805-e3-MFG
Change Component Footprint: Designator=R20 Old Footprint=FP-CRCW0805-e3-MFG New Footprint=FP-CRCW0805-e3-MFG
Change Component Footprint: Designator=R21 Old Footprint=FP-CRCW0805-e3-MFG New Footprint=FP-CRCW0805-e3-MFG
Change Component Footprint: Designator=R22 Old Footprint=FP-CRCW0805-e3-MFG New Footprint=FP-CRCW0805-e3-MFG
Change Component Footprint: Designator=R23 Old Footprint=FP-CRCW0805-e3-MFG New Footprint=FP-CRCW0805-e3-MFG
Change Component Footprint: Designator=R26 Old Footprint=FP-CRCW0805-e3-MFG New Footprint=FP-CRCW0805-e3-MFG
Change Component Footprint: Designator=R27 Old Footprint=FP-CRCW0805-e3-MFG New Footprint=FP-CRCW0805-e3-MFG
Change Component Footprint: Designator=R28 Old Footprint=FP-CRCW0805-e3-MFG New Footprint=FP-CRCW0805-e3-MFG
Change Component Footprint: Designator=R31 Old Footprint=FP-CRCW0805-e3-MFG New Footprint=FP-CRCW0805-e3-MFG
Change Component Footprint: Designator=R2 Old Footprint=FP-CRCW1206-e3-IPC_A New Footprint=FP-CRCW1206-e3-IPC_A
Change Component Footprint: Designator=R3 Old Footprint=FP-CRCW1206-e3-IPC_A New Footprint=FP-CRCW1206-e3-IPC_A
Change Component Footprint: Designator=R4 Old Footprint=FP-CRCW1206-e3-IPC_A New Footprint=FP-CRCW1206-e3-IPC_A
Change Component Footprint: Designator=R5 Old Footprint=FP-CRCW1206-e3-IPC_A New Footprint=FP-CRCW1206-e3-IPC_A
Change Component Footprint: Designator=R10 Old Footprint=FP-CRCW1206-e3-IPC_A New Footprint=FP-CRCW1206-e3-IPC_A
Change Component Footprint: Designator=R11 Old Footprint=FP-CRCW1206-e3-IPC_A New Footprint=FP-CRCW1206-e3-IPC_A
Change Component Footprint: Designator=R12 Old Footprint=FP-CRCW1206-e3-IPC_A New Footprint=FP-CRCW1206-e3-IPC_A
Change Component Footprint: Designator=R13 Old Footprint=FP-CRCW1206-e3-IPC_A New Footprint=FP-CRCW1206-e3-IPC_A
Change Component Footprint: Designator=M1 Old Footprint=FP-PG-TDSON-8-MFG New Footprint=FP-PG-TDSON-8-MFG
Change Component Footprint: Designator=M2 Old Footprint=FP-PG-TDSON-8-MFG New Footprint=FP-PG-TDSON-8-MFG
Change Component Footprint: Designator=M3 Old Footprint=FP-PG-TDSON-8-MFG New Footprint=FP-PG-TDSON-8-MFG
Change Component Footprint: Designator=M4 Old Footprint=FP-PG-TDSON-8-MFG New Footprint=FP-PG-TDSON-8-MFG
Change Component Footprint: Designator=U1 Old Footprint=SOT23-3_N New Footprint=SOT23-3_N
Added Pin To Net: NetName=GND Pin=FL1-2
Added Pin To Net: NetName=DCDC Input Unfiltered Pin=FL1-4
Added Pin To Net: NetName=NetC1_2 Pin=FL1-7
Added Pin To Net: NetName=NetC1_1 Pin=FL1-9
