Added Component: Designator=C34(CAPPRD500W62D1300H2650)
Add component (AddParameter): Name = "Supplier 1"; Value = "Mouser"; VariantName = "[No Variations]"
Add component (AddParameter): Name = "Supplier Part Number 1"; Value = "80-ESH108M050AL4AA"; VariantName = "[No Variations]"
Added Component: Designator=C35(CAPPRD500W62D1300H2650)
Add component (AddParameter): Name = "Supplier 1"; Value = "Mouser"; VariantName = "[No Variations]"
Add component (AddParameter): Name = "Supplier Part Number 1"; Value = "80-ESH108M050AL4AA"; VariantName = "[No Variations]"
Added Component: Designator=C36(CAPPRD500W62D1300H2650)
Add component (AddParameter): Name = "Supplier 1"; Value = "Mouser"; VariantName = "[No Variations]"
Add component (AddParameter): Name = "Supplier Part Number 1"; Value = "80-ESH108M050AL4AA"; VariantName = "[No Variations]"
Added Component: Designator=C37(CAPPRD500W62D1300H2650)
Add component (AddParameter): Name = "Supplier 1"; Value = "Mouser"; VariantName = "[No Variations]"
Add component (AddParameter): Name = "Supplier Part Number 1"; Value = "80-ESH108M050AL4AA"; VariantName = "[No Variations]"
Added Pin To Net: NetName=P+ Pin=C34-1
Added Pin To Net: NetName=GND Pin=C34-2
Added Pin To Net: NetName=P+ Pin=C35-1
Added Pin To Net: NetName=GND Pin=C35-2
Added Pin To Net: NetName=P+ Pin=C36-1
Added Pin To Net: NetName=GND Pin=C36-2
Added Pin To Net: NetName=P- Pin=C37-1
Added Pin To Net: NetName=GND Pin=C37-2
Added Member To Class: ClassName=WPT Round 2 RX Schematics Member=Component C34 1000uF/50V
Added Member To Class: ClassName=WPT Round 2 RX Schematics Member=Component C35 1000uF/50V
Added Member To Class: ClassName=WPT Round 2 RX Schematics Member=Component C36 1000uF/50V
Added Member To Class: ClassName=WPT Round 2 RX Schematics Member=Component C37 1000uF/50V
